This is pdfTeX, Version 3.141592653-2.6-1.40.24 (MiKTeX 21.12.10) (preloaded format=pdflatex 2022.2.21)  23 FEB 2022 20:25
entering extended mode
 restricted \write18 enabled.
 file:line:error style messages enabled.
 %&-line parsing enabled.
**c:/Users/James/Projects/WNP/document/thesis.tex
(c:/Users/James/Projects/WNP/document/thesis.tex
LaTeX2e <2021-11-15> patch level 1
L3 programming layer <2021-11-22> (C:\Users\James\AppData\Local\Programs\MiKTeX\tex/latex/base\article.cls
Document Class: article 2021/10/04 v1.4n Standard LaTeX document class
(C:\Users\James\AppData\Local\Programs\MiKTeX\tex/latex/base\size10.clo
File: size10.clo 2021/10/04 v1.4n Standard LaTeX file (size option)
)
\c@part=\count183
\c@section=\count184
\c@subsection=\count185
\c@subsubsection=\count186
\c@paragraph=\count187
\c@subparagraph=\count188
\c@figure=\count189
\c@table=\count190
\abovecaptionskip=\skip47
\belowcaptionskip=\skip48
\bibindent=\dimen138
) (C:\Users\James\AppData\Local\Programs\MiKTeX\tex/latex/l3backend\l3backend-pdftex.def
File: l3backend-pdftex.def 2021-12-14 L3 backend support: PDF output (pdfTeX)
\l__color_backend_stack_int=\count191
\l__pdf_internal_box=\box50
)
No file thesis.aux.
\openout1 = `thesis.aux'.

LaTeX Font Info:    Checking defaults for OML/cmm/m/it on input line 3.
LaTeX Font Info:    ... okay on input line 3.
LaTeX Font Info:    Checking defaults for OMS/cmsy/m/n on input line 3.
LaTeX Font Info:    ... okay on input line 3.
LaTeX Font Info:    Checking defaults for OT1/cmr/m/n on input line 3.
LaTeX Font Info:    ... okay on input line 3.
LaTeX Font Info:    Checking defaults for T1/cmr/m/n on input line 3.
LaTeX Font Info:    ... okay on input line 3.
LaTeX Font Info:    Checking defaults for TS1/cmr/m/n on input line 3.
LaTeX Font Info:    ... okay on input line 3.
LaTeX Font Info:    Checking defaults for OMX/cmex/m/n on input line 3.
LaTeX Font Info:    ... okay on input line 3.
LaTeX Font Info:    Checking defaults for U/cmr/m/n on input line 3.
LaTeX Font Info:    ... okay on input line 3.
LaTeX Font Info:    External font `cmex10' loaded for size
(Font)              <12> on input line 22.
LaTeX Font Info:    External font `cmex10' loaded for size
(Font)              <8> on input line 22.
LaTeX Font Info:    External font `cmex10' loaded for size
(Font)              <6> on input line 22.
(section/thesis_intro.tex

LaTeX Warning: Citation `akyildiza47wireless' on page 1 undefined on input line 4.


LaTeX Warning: Citation `apte2018home' on page 1 undefined on input line 6.


LaTeX Warning: Citation `lloret2009wireless' on page 1 undefined on input line 6.


LaTeX Warning: Citation `jin2018evaluation' on page 1 undefined on input line 6.


LaTeX Warning: Citation `younis2020placementsurvey' on page 1 undefined on input line 6.


Underfull \vbox (badness 1552) has occurred while \output is active []

 [1{C:/Users/James/AppData/Local/MiKTeX/fonts/map/pdftex/pdftex.map}


]

LaTeX Warning: Citation `rahat2020bayesian' on page 2 undefined on input line 17.


LaTeX Warning: Reference `sec:intro' on page 2 undefined on input line 24.


LaTeX Warning: Reference `sec:problem' on page 2 undefined on input line 24.


LaTeX Warning: Reference `sec:related_work' on page 2 undefined on input line 24.


LaTeX Warning: Reference `sec:traditional' on page 2 undefined on input line 24.


LaTeX Warning: Reference `sec:bayesian' on page 2 undefined on input line 24.


LaTeX Warning: Reference `sec:comparison' on page 2 undefined on input line 24.


LaTeX Warning: Reference `sec:extensions' on page 2 undefined on input line 24.


LaTeX Warning: Reference `sec:conclusion' on page 2 undefined on input line 24.


LaTeX Warning: Reference `sec:problem' on page 2 undefined on input line 43.

) (section/thesis_problem.tex

LaTeX Warning: Citation `monebhurrun2019standard' on page 2 undefined on input line 7.

LaTeX Font Info:    External font `cmex10' loaded for size
(Font)              <7> on input line 8.
LaTeX Font Info:    External font `cmex10' loaded for size
(Font)              <5> on input line 8.

Underfull \hbox (badness 2042) in paragraph at lines 10--12
\OML/cmm/m/it/10 D$ \OT1/cmr/m/n/10 is a list of des-ti-na-tion nodes $\OML/cmm/m/it/10 d \OMS/cmsy/m/n/10 2 \OML/cmm/m/it/10 D \OT1/cmr/m/n/10 =
 []

[2]
section/thesis_problem.tex:16: Undefined control sequence.
l.16 			l* = \underset
                      {l \in L}{arg\: min}\; g(l)
The control sequence at the end of the top line
of your error message was never \def'ed. If you have
misspelled it (e.g., `\hobx'), type `I' and the correct
spelling (e.g., `I\hbox'). Otherwise just continue,
and I'll forget about whatever was undefined.


LaTeX Warning: Reference `sec:intro_contribs' on page 3 undefined on input line 26.

) (section/thesis_related_work.tex

LaTeX Warning: Citation `gdpr' on page 3 undefined on input line 3.

[3]

LaTeX Warning: Citation `lamport2019byzantine' on page 4 undefined on input line 9.


LaTeX Warning: Citation `paxos' on page 4 undefined on input line 9.


LaTeX Warning: Citation `raft' on page 4 undefined on input line 9.


LaTeX Warning: Citation `akyildiza47wireless' on page 4 undefined on input line 13.


LaTeX Warning: Citation `fccspacextechnicala' on page 4 undefined on input line 13.


LaTeX Warning: Reference `fig:spacex' on page 4 undefined on input line 13.


section/thesis_related_work.tex:14: LaTeX Error: Unknown float option `H'.

See the LaTeX manual or LaTeX Companion for explanation.
Type  H <return>  for immediate help.
 ...                                              
                                                  
l.14 		\begin{figure}[H]
                        
Option `H' ignored and `p' used.

section/thesis_related_work.tex:16: Undefined control sequence.
l.16 		\includegraphics
                       [scale=0.21]{graphics/spacex_map}
The control sequence at the end of the top line
of your error message was never \def'ed. If you have
misspelled it (e.g., `\hobx'), type `I' and the correct
spelling (e.g., `I\hbox'). Otherwise just continue,
and I'll forget about whatever was undefined.

section/thesis_related_work.tex:16: Missing $ inserted.
<inserted text> 
                $
l.16 ...cludegraphics[scale=0.21]{graphics/spacex_
                                                  map}
I've inserted a begin-math/end-math symbol since I think
you left one out. Proceed, with fingers crossed.

section/thesis_related_work.tex:16: Extra }, or forgotten $.
l.16 ...egraphics[scale=0.21]{graphics/spacex_map}
                                                  
I've deleted a group-closing symbol because it seems to be
spurious, as in `$x}$'. But perhaps the } is legitimate and
you forgot something else, as in `\hbox{$x}'. In such cases
the way to recover is to insert both the forgotten and the
deleted material, e.g., by typing `I$}'.

section/thesis_related_work.tex:17: Missing $ inserted.
<inserted text> 
                $
l.17 ...tarlink Satellite Map \cite{satellitemap}}
                                                  
I've inserted a begin-math/end-math symbol since I think
you left one out. Proceed, with fingers crossed.


LaTeX Warning: Citation `satellitemap' on page 4 undefined on input line 17.

section/thesis_related_work.tex:19: Missing } inserted.
<inserted text> 
                }
l.19 		\end{figure}
                   
I've inserted something that you may have forgotten.
(See the <inserted text> above.)
With luck, this will get me unwedged. But if you
really didn't forget anything, try typing `2' now; then
my insertion and my current dilemma will both disappear.


LaTeX Warning: Citation `younis2020placementsurvey' on page 4 undefined on input line 23.


LaTeX Warning: Citation `younis2020placementsurvey' on page 4 undefined on input line 29.


LaTeX Warning: Citation `wang2010coverage' on page 4 undefined on input line 29.


LaTeX Warning: Citation `zhang2017flexible' on page 4 undefined on input line 29.


LaTeX Warning: Citation `bi2015node' on page 4 undefined on input line 29.


LaTeX Warning: Citation `banzhaf1998genetic' on page 4 undefined on input line 29.


LaTeX Warning: Citation `movckus1975bayesian' on page 4 undefined on input line 33.


LaTeX Warning: Citation `brochu2010tutorial' on page 4 undefined on input line 33.

[4]

LaTeX Warning: Citation `shahriari2015taking' on page 5 undefined on input line 35.


LaTeX Warning: Reference `sec:bayesian' on page 5 undefined on input line 35.


section/thesis_related_work.tex:36: LaTeX Error: Unknown float option `H'.

See the LaTeX manual or LaTeX Companion for explanation.
Type  H <return>  for immediate help.
 ...                                              
                                                  
l.36 			\begin{figure}[H]
                         
Option `H' ignored and `p' used.

section/thesis_related_work.tex:38: Undefined control sequence.
l.38 			\includegraphics
                        [scale=0.6]{graphics/bayesian_1d}
The control sequence at the end of the top line
of your error message was never \def'ed. If you have
misspelled it (e.g., `\hobx'), type `I' and the correct
spelling (e.g., `I\hbox'). Otherwise just continue,
and I'll forget about whatever was undefined.

section/thesis_related_work.tex:38: Missing $ inserted.
<inserted text> 
                $
l.38 ...ludegraphics[scale=0.6]{graphics/bayesian_
                                                  1d}
I've inserted a begin-math/end-math symbol since I think
you left one out. Proceed, with fingers crossed.

section/thesis_related_work.tex:38: Extra }, or forgotten $.
l.38 ...egraphics[scale=0.6]{graphics/bayesian_1d}
                                                  
I've deleted a group-closing symbol because it seems to be
spurious, as in `$x}$'. But perhaps the } is legitimate and
you forgot something else, as in `\hbox{$x}'. In such cases
the way to recover is to insert both the forgotten and the
deleted material, e.g., by typing `I$}'.

section/thesis_related_work.tex:39: Missing $ inserted.
<inserted text> 
                $
l.39 ...sional problem. \cite{brochu2010tutorial}}
                                                  
I've inserted a begin-math/end-math symbol since I think
you left one out. Proceed, with fingers crossed.


LaTeX Warning: Citation `brochu2010tutorial' on page 5 undefined on input line 39.


LaTeX Warning: Citation `brochu2010tutorial' on page 5 undefined on input line 39.

section/thesis_related_work.tex:41: Missing } inserted.
<inserted text> 
                }
l.41 			\end{figure}
                    
I've inserted something that you may have forgotten.
(See the <inserted text> above.)
With luck, this will get me unwedged. But if you
really didn't forget anything, try typing `2' now; then
my insertion and my current dilemma will both disappear.


LaTeX Warning: Reference `sec:problem_broadness' on page 5 undefined on input line 44.


LaTeX Warning: Citation `evans2011internet' on page 5 undefined on input line 44.

) (section/thesis_traditional.tex [5]

LaTeX Warning: Citation `darwin1909origin' on page 6 undefined on input line 15.


LaTeX Warning: Citation `turing1950learning' on page 6 undefined on input line 15.


LaTeX Warning: Citation `langdon2013foundations' on page 6 undefined on input line 21.

[6]

LaTeX Warning: Citation `wright2010automating' on page 7 undefined on input line 35.

) (section/thesis_bayesian.tex

LaTeX Warning: Reference `sec:problem_FSPL' on page 7 undefined on input line 3.


LaTeX Warning: Citation `shahriari2015taking' on page 7 undefined on input line 5.


LaTeX Warning: Citation `deutsch2012lhs' on page 7 undefined on input line 9.


Underfull \vbox (badness 3482) has occurred while \output is active []

 [7]

LaTeX Warning: Reference `fig:bayesian_1d' on page 8 undefined on input line 21.


LaTeX Warning: Reference `sec:traditional_simulated_annealing' on page 8 undefined on input line 27.


LaTeX Warning: Reference `sec:traditional_simulated_annealing' on page 8 undefined on input line 29.


LaTeX Warning: Reference `sec:problem_FSPL' on page 8 undefined on input line 33.


LaTeX Warning: Citation `shahriari2015taking' on page 8 undefined on input line 33.

) (section/thesis_comparison.tex
Underfull \hbox (badness 1466) in paragraph at lines 4--4
[]\OT1/cmr/bx/n/12 Improvement Per-for-mance Pro-
 []


section/thesis_comparison.tex:7: LaTeX Error: Unknown float option `H'.

See the LaTeX manual or LaTeX Companion for explanation.
Type  H <return>  for immediate help.
 ...                                              
                                                  
l.7 		\begin{figure}[H]
                       
Option `H' ignored and `p' used.

section/thesis_comparison.tex:9: Undefined control sequence.
l.9 		\includegraphics
                      [scale=0.75]{graphics/performance}
The control sequence at the end of the top line
of your error message was never \def'ed. If you have
misspelled it (e.g., `\hobx'), type `I' and the correct
spelling (e.g., `I\hbox'). Otherwise just continue,
and I'll forget about whatever was undefined.

[8]
Underfull \hbox (badness 10000) in paragraph at lines 26--28

 []


LaTeX Warning: Reference `app:bounds' on page 9 undefined on input line 46.

) (section/thesis_software.tex
section/thesis_software.tex:5: Undefined control sequence.
l.5 	The code is available at \url
                                  {https://git.james.gg/WNP}.
The control sequence at the end of the top line
of your error message was never \def'ed. If you have
misspelled it (e.g., `\hobx'), type `I' and the correct
spelling (e.g., `I\hbox'). Otherwise just continue,
and I'll forget about whatever was undefined.


Underfull \hbox (badness 10000) in paragraph at lines 5--6
[]\OT1/cmr/m/n/10 The code is avail-able at
 []


LaTeX Warning: Citation `agilemanifesto' on page 9 undefined on input line 9.


LaTeX Warning: Citation `pedregosa2011scikit' on page 9 undefined on input line 13.


LaTeX Warning: Citation `numpy2020' on page 9 undefined on input line 13.


LaTeX Warning: Citation `hunter2007matplotlib' on page 9 undefined on input line 15.

[9]

LaTeX Warning: Citation `shahin2017deployment' on page 10 undefined on input line 21.


LaTeX Warning: Citation `gitscm' on page 10 undefined on input line 23.


LaTeX Warning: Reference `sec:traditional' on page 10 undefined on input line 27.


Underfull \hbox (badness 1024) in paragraph at lines 29--30
\OT1/cmr/m/n/10 im-ple-mented have ac-cess to the same data, we
 []

section/thesis_software.tex:33: Undefined control sequence.
l.33 		\lstinputlisting
                       [label={lst:warning}, caption={The output from the co...
The control sequence at the end of the top line
of your error message was never \def'ed. If you have
misspelled it (e.g., `\hobx'), type `I' and the correct
spelling (e.g., `I\hbox'). Otherwise just continue,
and I'll forget about whatever was undefined.

section/thesis_software.tex:33: Missing $ inserted.
<inserted text> 
                $
l.33 ...nefficient use of nodes.}]{./listings/cli_
                                                  warning.txt}
I've inserted a begin-math/end-math symbol since I think
you left one out. Proceed, with fingers crossed.

section/thesis_software.tex:33: Extra }, or forgotten $.
l.33 ...se of nodes.}]{./listings/cli_warning.txt}
                                                  
I've deleted a group-closing symbol because it seems to be
spurious, as in `$x}$'. But perhaps the } is legitimate and
you forgot something else, as in `\hbox{$x}'. In such cases
the way to recover is to insert both the forgotten and the
deleted material, e.g., by typing `I$}'.

section/thesis_software.tex:34: Missing $ inserted.
<inserted text> 
                $
l.34 		
       
I've inserted a begin-math/end-math symbol since I think
you left one out. Proceed, with fingers crossed.


LaTeX Warning: Reference `app:bounds' on page 10 undefined on input line 35.


section/thesis_software.tex:47: LaTeX Error: Unknown float option `H'.

See the LaTeX manual or LaTeX Companion for explanation.
Type  H <return>  for immediate help.
 ...                                              
                                                  
l.47 		\begin{figure}[H]
                        
Option `H' ignored and `p' used.

section/thesis_software.tex:49: Undefined control sequence.
l.49 		\includegraphics
                       [scale=0.75]{graphics/gui}
The control sequence at the end of the top line
of your error message was never \def'ed. If you have
misspelled it (e.g., `\hobx'), type `I' and the correct
spelling (e.g., `I\hbox'). Otherwise just continue,
and I'll forget about whatever was undefined.


LaTeX Warning: Reference `fig:gui' on page 10 undefined on input line 54.

[10]

LaTeX Warning: Reference `sec:intro' on page 11 undefined on input line 58.


Underfull \hbox (badness 10000) in paragraph at lines 61--62

 []

LaTeX Font Info:    External font `cmex10' loaded for size
(Font)              <9> on input line 64.

Underfull \hbox (badness 10000) in paragraph at lines 66--66
[]\OT1/cmr/bx/n/9 Pass or
 []


Underfull \hbox (badness 1112) in paragraph at lines 70--71
[]\OT1/cmr/m/n/9 Users re-ceive the out-put of the
 []


Underfull \hbox (badness 1748) in paragraph at lines 74--75
[]\OT1/cmr/m/n/9 Users are shown the out-put of
 []


Overfull \hbox (133.70668pt too wide) in paragraph at lines 64--77
 [] 
 []


Underfull \hbox (badness 10000) in paragraph at lines 81--82

 []

) (section/thesis_extensions.tex

LaTeX Warning: Citation `demarco2009mogamesh' on page 11 undefined on input line 19.


LaTeX Warning: Citation `younis2020placementsurvey' on page 11 undefined on input line 19.


LaTeX Warning: Citation `yoo2007pareto' on page 11 undefined on input line 19.


Underfull \vbox (badness 3058) has occurred while \output is active []

 [11]

LaTeX Warning: Citation `younis2020placementsurvey' on page 12 undefined on input line 29.


LaTeX Warning: Citation `akyildiza47wireless' on page 12 undefined on input line 29.

) (section/thesis_conclusion.tex
Overfull \hbox (84.4595pt too wide) in paragraph at lines 10--11
[]
 []


Underfull \hbox (badness 10000) in paragraph at lines 10--11

 []


Overfull \hbox (39.2097pt too wide) in paragraph at lines 14--15
[]
 []


Underfull \hbox (badness 10000) in paragraph at lines 14--15

 []


LaTeX Warning: Reference `sec:problem' on page 12 undefined on input line 20.

)
No file thesis.bbl.
[12] [13

] (thesis.aux)

LaTeX Warning: There were undefined references.


LaTeX Warning: Label(s) may have changed. Rerun to get cross-references right.

 )
(\end occurred inside a group at level 1)

### simple group (level 1) entered at line 33 ({)
### bottom level 
Here is how much of TeX's memory you used:
 556 strings out of 478659
 11343 string characters out of 2845920
 320154 words of memory out of 3000000
 18699 multiletter control sequences out of 15000+600000
 409251 words of font info for 46 fonts, out of 8000000 for 9000
 1141 hyphenation exceptions out of 8191
 34i,8n,38p,1267b,271s stack positions out of 5000i,500n,10000p,200000b,80000s
<C:/Users/James/AppData/Local/Programs/MiKTeX/fonts/type1/public/amsfonts/cm/cmbx10.pfb><C:/Users/James/AppData/Local/Programs/MiKTeX/fonts/type1/public/amsfonts/cm/cmbx12.pfb><C:/Users/James/AppData/Local/Programs/MiKTeX/fonts/type1/public/amsfonts/cm/cmbx9.pfb><C:/Users/James/AppData/Local/Programs/MiKTeX/fonts/type1/public/amsfonts/cm/cmex10.pfb><C:/Users/James/AppData/Local/Programs/MiKTeX/fonts/type1/public/amsfonts/cm/cmmi10.pfb><C:/Users/James/AppData/Local/Programs/MiKTeX/fonts/type1/public/amsfonts/cm/cmmi7.pfb><C:/Users/James/AppData/Local/Programs/MiKTeX/fonts/type1/public/amsfonts/cm/cmr10.pfb><C:/Users/James/AppData/Local/Programs/MiKTeX/fonts/type1/public/amsfonts/cm/cmr12.pfb><C:/Users/James/AppData/Local/Programs/MiKTeX/fonts/type1/public/amsfonts/cm/cmr17.pfb><C:/Users/James/AppData/Local/Programs/MiKTeX/fonts/type1/public/amsfonts/cm/cmr7.pfb><C:/Users/James/AppData/Local/Programs/MiKTeX/fonts/type1/public/amsfonts/cm/cmr9.pfb><C:/Users/James/AppData/Local/Programs/MiKTeX/fonts/type1/public/amsfonts/cm/cmsy10.pfb><C:/Users/James/AppData/Local/Programs/MiKTeX/fonts/type1/public/amsfonts/cm/cmti10.pfb>
Output written on thesis.pdf (13 pages, 239891 bytes).
PDF statistics:
 110 PDF objects out of 1000 (max. 8388607)
 0 named destinations out of 1000 (max. 500000)
 1 words of extra memory for PDF output out of 10000 (max. 10000000)

